1 SPAM: 4.625950724820899e-10 HAM: 1.0453776931248996e-07
2 SPAM: 7.263351637336967e-160 HAM: 9.482716030228415e-91
3 SPAM: 3.7011098467456796e-78 HAM: 7.816906962953447e-52
4 SPAM: 9.458010347444001e-178 HAM: 9.548587008585033e-134
5 SPAM: 1.0225324128162548e-124 HAM: 8.297788636253388e-98
6 SPAM: 1.001664614198152e-115 HAM: 1.1145572767166702e-96
7 SPAM: 3.8992655201623464e-274 HAM: 3.0095294987313917e-201
8 SPAM: 1.0319185467307718e-227 HAM: 2.088741077850859e-149
9 SPAM: 0.0 HAM: 0.0
10 SPAM: 3.1029333876469747e-44 HAM: 1.6889951451107127e-48
11 SPAM: 0.0 HAM: 0.0
12 SPAM: 1.932173013444626e-165 HAM: 1.6547844172168924e-119
13 SPAM: 2.3381327802884635e-177 HAM: 3.4561603974413753e-128
14 SPAM: 6.312354421818671e-249 HAM: 1.681206540648417e-186
15 SPAM: 3.178719425860833e-141 HAM: 5.121858695851298e-111
16 SPAM: 5.391384363964234e-225 HAM: 1.9242637785849095e-135
17 SPAM: 1.0039469244353298e-94 HAM: 5.512728778664389e-81
18 SPAM: 5.825919023854274e-199 HAM: 6.390484847689489e-158
19 SPAM: 0.0 HAM: 0.0
20 SPAM: 2.676500827561095e-178 HAM: 6.613293486395014e-132
21 SPAM: 1.959007860501515e-223 HAM: 4.409765676005065e-140
22 SPAM: 0.0 HAM: 0.0
23 SPAM: 0.0 HAM: 1.9882189633873384e-257
24 SPAM: 9.652805640516737e-112 HAM: 3.6090325337583548e-93
25 SPAM: 1.3945755115330375e-264 HAM: 1.0679886081779089e-196
26 SPAM: 0.0 HAM: 7.917464248806756e-270
27 SPAM: 0.0 HAM: 0.0
28 SPAM: 1.7519859418571022e-259 HAM: 3.2034064550557013e-205
29 SPAM: 1.096870637632311e-225 HAM: 6.231452600235638e-175
30 SPAM: 1.5593263993975966e-282 HAM: 1.01055783654661e-183
31 SPAM: 1.151286869006486e-114 HAM: 2.293591664714594e-90
32 SPAM: 1.6274008486784592e-254 HAM: 8.38545679672313e-157
33 SPAM: 0.0 HAM: 0.0
34 SPAM: 0.0 HAM: 0.0
35 SPAM: 5.0692456589356205e-148 HAM: 8.793742070125783e-99
36 SPAM: 0.0 HAM: 0.0
37 SPAM: 4.3610147813279386e-161 HAM: 2.5432755500727476e-130
38 SPAM: 5.538264360254224e-119 HAM: 1.161767082299124e-75
39 SPAM: 6.277413052355631e-239 HAM: 1.2326387606234189e-151
40 SPAM: 1.2710956880824068e-305 HAM: 2.329693439695296e-227
41 SPAM: 0.0 HAM: 0.0
42 SPAM: 1.617751557165244e-26 HAM: 4.2296960828990933e-20
43 SPAM: 0.0 HAM: 5.8843444611540396e-238
44 SPAM: 2.7956302148754595e-32 HAM: 5.438090797668786e-40
45 SPAM: 1.1882237480777791e-63 HAM: 6.128829152503109e-47
46 SPAM: 5.230692022653002e-118 HAM: 1.0290690466624157e-103
47 SPAM: 2.0823674959346894e-158 HAM: 9.978853582072135e-123
48 SPAM: 1.8471237673841735e-89 HAM: 3.6621517784479956e-73
49 SPAM: 1.065118801931894e-42 HAM: 1.2288084349751273e-27
50 SPAM: 8.276951437465721e-197 HAM: 6.112386903260687e-120
51 SPAM: 6.4201173924535705e-254 HAM: 1.3085376581319622e-194
52 SPAM: 0.0 HAM: 0.0
53 SPAM: 3.542472198184891e-224 HAM: 3.261447663983377e-154
54 SPAM: 3.474679360694774e-242 HAM: 3.515975994095051e-190
55 SPAM: 0.0 HAM: 0.0
56 SPAM: 0.0 HAM: 3.2245454e-315
57 SPAM: 0.0 HAM: 0.0
58 SPAM: 0.0 HAM: 9.783603116081176e-297
59 SPAM: 0.0 HAM: 2.7953126474655606e-297
60 SPAM: 6.993230751492561e-247 HAM: 1.6448937442014707e-177
61 SPAM: 4.266810746536608e-286 HAM: 3.276608580775229e-161
62 SPAM: 5.350083247635118e-138 HAM: 6.777832595286943e-94
63 SPAM: 4.972411588941372e-50 HAM: 9.907420663136593e-46
64 SPAM: 7.360848799315868e-165 HAM: 4.120457988227294e-127
65 SPAM: 7.288720444568558e-201 HAM: 5.380936496463941e-129
66 SPAM: 5.399408897454824e-128 HAM: 9.513443257032764e-98
67 SPAM: 6.609642144488876e-296 HAM: 3.1324700933597052e-198
68 SPAM: 1.1271376033204288e-289 HAM: 3.086268460998578e-178
69 SPAM: 2.6504481183245524e-128 HAM: 3.700263855178212e-91
70 SPAM: 4.728380319190488e-36 HAM: 4.322120644069587e-24
71 SPAM: 0.0 HAM: 0.0
72 SPAM: 1.622146176468723e-97 HAM: 8.534584779834823e-52
73 SPAM: 2.0473737007614273e-206 HAM: 8.906127705296523e-172
74 SPAM: 2.73391060858059e-119 HAM: 5.422809480515785e-63
75 SPAM: 3.9654623557361136e-165 HAM: 2.059970324257238e-98
76 SPAM: 5.253153518681997e-226 HAM: 6.788515822373324e-155
77 SPAM: 2.612005850455631e-167 HAM: 1.7159241090577041e-121
78 SPAM: 3.0159337216074615e-178 HAM: 1.6420406423098052e-150
79 SPAM: 5.787271202369092e-185 HAM: 2.709073102684057e-112
80 SPAM: 3.285978893390714e-196 HAM: 2.9188208739783333e-144
81 SPAM: 2.0821651499974756e-105 HAM: 1.440622505544029e-76
82 SPAM: 5.805813363384597e-80 HAM: 1.931921118624499e-65
83 SPAM: 1.0435990351773437e-61 HAM: 4.538796673968191e-44
84 SPAM: 1.150206777887218e-125 HAM: 7.27309311133011e-97
85 SPAM: 3.10599883470066e-127 HAM: 8.009900641300972e-98
86 SPAM: 4.369844983988861e-163 HAM: 1.4286423548950125e-111
87 SPAM: 1.0111127557963055e-63 HAM: 2.845328555028938e-48
88 SPAM: 8.3188717841998e-69 HAM: 1.0473089722784538e-43
89 SPAM: 1.9097684916437627e-270 HAM: 5.61139533784285e-203
90 SPAM: 2.4656927433940304e-169 HAM: 1.3487142948493079e-137
91 SPAM: 2.4922017509838478e-138 HAM: 2.370055192332738e-151
92 SPAM: 1.2516366239287072e-158 HAM: 7.696891546592658e-116
93 SPAM: 5.869569021094252e-106 HAM: 4.666568592937121e-102
94 SPAM: 5.1331983257515815e-84 HAM: 3.753864857097157e-89
95 SPAM: 8.872950722244373e-174 HAM: 1.757994011921423e-133
96 SPAM: 1.015444923327779e-27 HAM: 1.7509486260832407e-11
97 SPAM: 2.21682879659532e-138 HAM: 2.0150777659446588e-104
98 SPAM: 4.943307604124784e-248 HAM: 2.9694881627551464e-141
99 SPAM: 7.131834019065445e-293 HAM: 2.3146811700052275e-207
100 SPAM: 0.0 HAM: 5.5813024923511756e-272
